<?xml version="1.0" encoding="UTF-8"?>
<!-- Generated by org.testng.reporters.JUnitReportReporter -->
<testsuite hostname="DESKTOP-PBK7R41" failures="0" tests="1" name="bluefinUIAutomation.ContactUsVerificationTest" time="9.631" errors="0" timestamp="2023-03-24T11:41:18 IST" skipped="0">
  <testcase classname="bluefinUIAutomation.ContactUsVerificationTest" name="ContactUsBo" time="9.631"/>
  <system-out/>
</testsuite> <!-- bluefinUIAutomation.ContactUsVerificationTest -->
