<?xml version="1.0" encoding="UTF-8"?>
<!-- Generated by org.testng.reporters.JUnitReportReporter -->
<testsuite hostname="DESKTOP-PBK7R41" failures="0" tests="1" name="bluefinUIAutomation.BrowerLunch" time="5.902" errors="0" timestamp="2022-09-15T10:26:53 IST" skipped="0">
  <testcase classname="bluefinUIAutomation.BrowerLunch" name="RequestDemoTest" time="5.902"/>
  <system-out/>
</testsuite> <!-- bluefinUIAutomation.BrowerLunch -->
