<?xml version="1.0" encoding="UTF-8"?>
<!-- Generated by org.testng.reporters.JUnitReportReporter -->
<testsuite hostname="DESKTOP-PBK7R41" failures="0" tests="4" name="bluefinUIAutomation.BaseTest" time="11.399" errors="0" timestamp="2022-09-06T14:02:34 IST" skipped="0">
  <testcase classname="bluefinUIAutomation.BaseTest" name="afterMethodTest" time="2.170"/>
  <system-out/>
  <testcase classname="bluefinUIAutomation.BaseTest" name="afterTest" time="2.094"/>
  <system-out/>
  <testcase classname="bluefinUIAutomation.BaseTest" name="beforeTestMethod" time="1.868"/>
  <system-out/>
  <testcase classname="bluefinUIAutomation.BaseTest" name="beforeMethodTest" time="5.267"/>
  <system-out/>
</testsuite> <!-- bluefinUIAutomation.BaseTest -->
