<?xml version="1.0" encoding="UTF-8"?>
<!-- Generated by org.testng.reporters.JUnitReportReporter -->
<testsuite hostname="DESKTOP-PBK7R41" failures="0" tests="1" name="bluefinUIAutomation.forgetPasswordTest" time="24.245" errors="0" timestamp="2022-11-24T11:59:29 IST" skipped="0">
  <testcase classname="bluefinUIAutomation.forgetPasswordTest" name="fogetpassword" time="24.245"/>
  <system-out/>
</testsuite> <!-- bluefinUIAutomation.forgetPasswordTest -->
