<?xml version="1.0" encoding="UTF-8"?>
<!-- Generated by org.testng.reporters.JUnitReportReporter -->
<testsuite hostname="DESKTOP-PBK7R41" failures="0" tests="1" name="bluefinUIAutomation.FooterLinksTest" time="1.433" errors="0" timestamp="2023-05-25T09:54:17 IST" skipped="0">
  <testcase classname="bluefinUIAutomation.FooterLinksTest" name="FooterTLinks" time="1.433"/>
  <system-out/>
</testsuite> <!-- bluefinUIAutomation.FooterLinksTest -->
