<?xml version="1.0" encoding="UTF-8"?>
<!-- Generated by org.testng.reporters.JUnitReportReporter -->
<testsuite hostname="DESKTOP-PBK7R41" failures="0" tests="1" name="bluefinUIAutomation.SearchorgTest" time="20.824" errors="0" timestamp="2022-11-24T11:59:29 IST" skipped="0">
  <testcase classname="bluefinUIAutomation.SearchorgTest" name="SearchOrgnizationElement" time="20.824"/>
  <system-out/>
</testsuite> <!-- bluefinUIAutomation.SearchorgTest -->
