<?xml version="1.0" encoding="UTF-8"?>
<!-- Generated by org.testng.reporters.JUnitReportReporter -->
<testsuite hostname="DESKTOP-PBK7R41" failures="0" tests="1" name="bluefinUIAutomation.AddOrganizationTest" time="7.834" errors="0" timestamp="2022-11-24T11:59:29 IST" skipped="0">
  <testcase classname="bluefinUIAutomation.AddOrganizationTest" name="AddOrganization" time="7.834"/>
  <system-out/>
</testsuite> <!-- bluefinUIAutomation.AddOrganizationTest -->
