<?xml version="1.0" encoding="UTF-8"?>
<!-- Generated by org.testng.reporters.JUnitReportReporter -->
<testsuite hostname="DESKTOP-PBK7R41" failures="0" tests="1" name="bluefinUIAutomation.HeaderLinksTest" time="1.045" errors="0" timestamp="2023-05-26T18:38:08 IST" skipped="0">
  <testcase classname="bluefinUIAutomation.HeaderLinksTest" name="headerLinksVerification" time="1.045"/>
  <system-out/>
</testsuite> <!-- bluefinUIAutomation.HeaderLinksTest -->
