<?xml version="1.0" encoding="UTF-8"?>
<!-- Generated by org.testng.reporters.JUnitReportReporter -->
<testsuite hostname="DESKTOP-PBK7R41" failures="0" tests="1" name="bluefinUIAutomation.CreateTicketTest" time="9.845" errors="0" timestamp="2022-11-24T11:59:29 IST" skipped="0">
  <testcase classname="bluefinUIAutomation.CreateTicketTest" name="CreateTicket" time="9.845"/>
  <system-out/>
</testsuite> <!-- bluefinUIAutomation.CreateTicketTest -->
