<?xml version="1.0" encoding="UTF-8"?>
<!-- Generated by org.testng.reporters.JUnitReportReporter -->
<testsuite hostname="DESKTOP-PBK7R41" failures="0" tests="1" name="bluefinUIAutomation.BOreportsVerification" time="6.727" errors="0" timestamp="2022-11-24T11:59:29 IST" skipped="0">
  <testcase classname="bluefinUIAutomation.BOreportsVerification" name="ReportsPage" time="6.727"/>
  <system-out/>
</testsuite> <!-- bluefinUIAutomation.BOreportsVerification -->
