<?xml version="1.0" encoding="UTF-8"?>
<!-- Generated by org.testng.reporters.JUnitReportReporter -->
<testsuite hostname="DESKTOP-PBK7R41" failures="0" tests="1" name="bluefinUIAutomation.CreateTicketTest" time="9.950" errors="0" timestamp="2023-03-23T14:51:55 IST" skipped="0">
  <testcase classname="bluefinUIAutomation.CreateTicketTest" name="createticket" time="9.950"/>
  <system-out/>
</testsuite> <!-- bluefinUIAutomation.CreateTicketTest -->
