<?xml version="1.0" encoding="UTF-8"?>
<!-- Generated by org.testng.reporters.JUnitReportReporter -->
<testsuite hostname="DESKTOP-PBK7R41" failures="0" tests="1" name="bluefinUIAutomation.LogoTest" time="5.590" errors="0" timestamp="2022-11-24T15:51:17 IST" skipped="0">
  <testcase classname="bluefinUIAutomation.LogoTest" name="logoVerify" time="5.590"/>
  <system-out/>
</testsuite> <!-- bluefinUIAutomation.LogoTest -->
