<?xml version="1.0" encoding="UTF-8"?>
<!-- Generated by org.testng.reporters.JUnitReportReporter -->
<testsuite hostname="DESKTOP-PBK7R41" failures="0" tests="1" name="bluefinUIAutomation.HeaderLinksTest" time="1.642" errors="0" timestamp="2023-03-24T11:41:18 IST" skipped="0">
  <testcase classname="bluefinUIAutomation.HeaderLinksTest" name="headerLinksVerification" time="1.642"/>
  <system-out/>
</testsuite> <!-- bluefinUIAutomation.HeaderLinksTest -->
