<?xml version="1.0" encoding="UTF-8"?>
<!-- Generated by org.testng.reporters.JUnitReportReporter -->
<testsuite hostname="DESKTOP-PBK7R41" failures="0" tests="1" name="bluefinUIAutomation.ForgetPasswordTest" time="1.935" errors="0" timestamp="2023-03-23T14:51:55 IST" skipped="0">
  <testcase classname="bluefinUIAutomation.ForgetPasswordTest" name="fogetpassword" time="1.935"/>
  <system-out/>
</testsuite> <!-- bluefinUIAutomation.ForgetPasswordTest -->
