<?xml version="1.0" encoding="UTF-8"?>
<!-- Generated by org.testng.reporters.JUnitReportReporter -->
<testsuite hostname="DESKTOP-PBK7R41" failures="0" tests="1" name="bluefinUIAutomation.ContactUsVerificationTest$ContactusButton" time="12.185" errors="0" timestamp="2022-10-20T12:31:31 IST" skipped="0">
  <testcase classname="bluefinUIAutomation.ContactUsVerificationTest$ContactusButton" name="ContactUsButtonOnHomePage" time="12.185"/>
  <system-out/>
</testsuite> <!-- bluefinUIAutomation.ContactUsVerificationTest$ContactusButton -->
