<?xml version="1.0" encoding="UTF-8"?>
<!-- Generated by org.testng.reporters.JUnitReportReporter -->
<testsuite hostname="DESKTOP-PBK7R41" failures="0" tests="1" name="bluefinUIAutomation.RequestDemoTest" time="3.245" errors="0" timestamp="2023-05-25T09:54:17 IST" skipped="0">
  <testcase classname="bluefinUIAutomation.RequestDemoTest" name="testdemo" time="3.245"/>
  <system-out/>
</testsuite> <!-- bluefinUIAutomation.RequestDemoTest -->
