<?xml version="1.0" encoding="UTF-8"?>
<!-- Generated by org.testng.reporters.JUnitReportReporter -->
<testsuite hostname="DESKTOP-PBK7R41" failures="0" tests="1" name="bluefinUIAutomation.LogoTest" time="0.583" errors="0" timestamp="2023-03-23T14:51:55 IST" skipped="0">
  <testcase classname="bluefinUIAutomation.LogoTest" name="logoVerify" time="0.583"/>
  <system-out/>
</testsuite> <!-- bluefinUIAutomation.LogoTest -->
