<?xml version="1.0" encoding="UTF-8"?>
<!-- Generated by org.testng.reporters.JUnitReportReporter -->
<testsuite hostname="DESKTOP-PBK7R41" failures="0" tests="1" name="bluefinUIAutomation.ForgetPasswordTest" time="2.852" errors="0" timestamp="2023-03-24T11:41:18 IST" skipped="0">
  <testcase classname="bluefinUIAutomation.ForgetPasswordTest" name="fogetpassword" time="2.852"/>
  <system-out/>
</testsuite> <!-- bluefinUIAutomation.ForgetPasswordTest -->
